c:\users\nnatu\mp2-lab7-table\formtables\debug\vc142.pdb
c:\users\nnatu\mp2-lab7-table\formtables\debug\.netframework,version=v4.6.assemblyattributes.obj
c:\users\nnatu\mp2-lab7-table\formtables\debug\myform.obj
c:\users\nnatu\mp2-lab7-table\formtables\debug\formtables.myform.resources
c:\users\nnatu\mp2-lab7-table\formtables\debug\formtables.vcxproj.generateresource.cache
c:\users\nnatu\mp2-lab7-table\formtables\debug\formtables.vcxprojassemblyreference.cache
c:\users\nnatu\mp2-lab7-table\formtables\debug\formtables.tlog\cl.command.1.tlog
c:\users\nnatu\mp2-lab7-table\formtables\debug\formtables.tlog\cl.read.1.tlog
c:\users\nnatu\mp2-lab7-table\formtables\debug\formtables.tlog\cl.write.1.tlog
c:\users\nnatu\mp2-lab7-table\formtables\debug\formtables.tlog\formtables.write.1u.tlog
c:\users\nnatu\mp2-lab7-table\formtables\debug\formtables.tlog\link.15440-cvtres.read.1.tlog
c:\users\nnatu\mp2-lab7-table\formtables\debug\formtables.tlog\link.15440-cvtres.write.1.tlog
c:\users\nnatu\mp2-lab7-table\formtables\debug\formtables.tlog\link.15440-rc.read.1.tlog
c:\users\nnatu\mp2-lab7-table\formtables\debug\formtables.tlog\link.15440-rc.write.1.tlog
c:\users\nnatu\mp2-lab7-table\formtables\debug\formtables.tlog\link.15440.read.1.tlog
c:\users\nnatu\mp2-lab7-table\formtables\debug\formtables.tlog\link.15440.write.1.tlog
c:\users\nnatu\mp2-lab7-table\formtables\debug\formtables.tlog\link.19104-cvtres.read.1.tlog
c:\users\nnatu\mp2-lab7-table\formtables\debug\formtables.tlog\link.19104-cvtres.write.1.tlog
c:\users\nnatu\mp2-lab7-table\formtables\debug\formtables.tlog\link.19104-rc.read.1.tlog
c:\users\nnatu\mp2-lab7-table\formtables\debug\formtables.tlog\link.19104-rc.write.1.tlog
c:\users\nnatu\mp2-lab7-table\formtables\debug\formtables.tlog\link.19104.read.1.tlog
c:\users\nnatu\mp2-lab7-table\formtables\debug\formtables.tlog\link.19104.write.1.tlog
c:\users\nnatu\mp2-lab7-table\formtables\debug\formtables.tlog\link.22352-cvtres.read.1.tlog
c:\users\nnatu\mp2-lab7-table\formtables\debug\formtables.tlog\link.22352-cvtres.write.1.tlog
c:\users\nnatu\mp2-lab7-table\formtables\debug\formtables.tlog\link.22352-rc.read.1.tlog
c:\users\nnatu\mp2-lab7-table\formtables\debug\formtables.tlog\link.22352-rc.write.1.tlog
c:\users\nnatu\mp2-lab7-table\formtables\debug\formtables.tlog\link.22352.read.1.tlog
c:\users\nnatu\mp2-lab7-table\formtables\debug\formtables.tlog\link.22352.write.1.tlog
c:\users\nnatu\mp2-lab7-table\formtables\debug\formtables.tlog\link.command.1.tlog
c:\users\nnatu\mp2-lab7-table\formtables\debug\formtables.tlog\link.read.1.tlog
c:\users\nnatu\mp2-lab7-table\formtables\debug\formtables.tlog\link.write.1.tlog
c:\users\nnatu\mp2-lab7-table\formtables\debug\formtables.tlog\metagen.read.1.tlog
c:\users\nnatu\mp2-lab7-table\formtables\debug\formtables.tlog\metagen.write.1.tlog
